{"D:\\Estudos\\testes\\react-app-template\\react\\ProductDataConsumer.tsx": {"path":"D:\\Estudos\\testes\\react-app-template\\react\\ProductDataConsumer.tsx","statementMap":{},"fnMap":{},"branchMap":{},"s":{},"f":{},"b":{},"_coverageSchema":"1a1c01bbd47fc00a2c39e90264f33305004495a9","hash":"0ee8d6058af9d4cb6d78bcd4f4fd940380bd1cc0"}
,"D:\\Estudos\\testes\\react-app-template\\react\\components\\FirstTestComponent.tsx": {"path":"D:\\Estudos\\testes\\react-app-template\\react\\components\\FirstTestComponent.tsx","statementMap":{"0":{"start":{"line":7,"column":27},"end":{"line":21,"column":1}},"1":{"start":{"line":8,"column":2},"end":{"line":14,"column":3}},"2":{"start":{"line":9,"column":4},"end":{"line":13,"column":5}},"3":{"start":{"line":16,"column":2},"end":{"line":20,"column":3}}},"fnMap":{"0":{"name":"(anonymous_0)","decl":{"start":{"line":7,"column":27},"end":{"line":7,"column":28}},"loc":{"start":{"line":7,"column":48},"end":{"line":21,"column":1}},"line":7}},"branchMap":{"0":{"loc":{"start":{"line":8,"column":2},"end":{"line":14,"column":3}},"type":"if","locations":[{"start":{"line":8,"column":2},"end":{"line":14,"column":3}},{"start":{},"end":{}}],"line":8}},"s":{"0":1,"1":2,"2":1,"3":1},"f":{"0":2},"b":{"0":[1,1]},"_coverageSchema":"1a1c01bbd47fc00a2c39e90264f33305004495a9","hash":"c7d87a9893066452a33d3ddd37ac3412bb9ebccd"}
,"D:\\Estudos\\testes\\react-app-template\\react\\components\\ProductDataConsumer.tsx": {"path":"D:\\Estudos\\testes\\react-app-template\\react\\components\\ProductDataConsumer.tsx","statementMap":{"0":{"start":{"line":4,"column":28},"end":{"line":52,"column":1}},"1":{"start":{"line":5,"column":18},"end":{"line":5,"column":30}},"2":{"start":{"line":7,"column":15},"end":{"line":7,"column":36}},"3":{"start":{"line":9,"column":19},"end":{"line":9,"column":71}},"4":{"start":{"line":11,"column":2},"end":{"line":49,"column":3}},"5":{"start":{"line":12,"column":4},"end":{"line":24,"column":5}},"6":{"start":{"line":13,"column":6},"end":{"line":23,"column":7}},"7":{"start":{"line":26,"column":4},"end":{"line":38,"column":5}},"8":{"start":{"line":27,"column":6},"end":{"line":37,"column":7}},"9":{"start":{"line":40,"column":4},"end":{"line":48,"column":5}},"10":{"start":{"line":51,"column":2},"end":{"line":51,"column":49}}},"fnMap":{"0":{"name":"(anonymous_0)","decl":{"start":{"line":4,"column":28},"end":{"line":4,"column":29}},"loc":{"start":{"line":4,"column":34},"end":{"line":52,"column":1}},"line":4}},"branchMap":{"0":{"loc":{"start":{"line":11,"column":2},"end":{"line":49,"column":3}},"type":"if","locations":[{"start":{"line":11,"column":2},"end":{"line":49,"column":3}},{"start":{},"end":{}}],"line":11},"1":{"loc":{"start":{"line":12,"column":4},"end":{"line":24,"column":5}},"type":"if","locations":[{"start":{"line":12,"column":4},"end":{"line":24,"column":5}},{"start":{},"end":{}}],"line":12},"2":{"loc":{"start":{"line":12,"column":8},"end":{"line":12,"column":37}},"type":"binary-expr","locations":[{"start":{"line":12,"column":8},"end":{"line":12,"column":20}},{"start":{"line":12,"column":24},"end":{"line":12,"column":37}}],"line":12},"3":{"loc":{"start":{"line":26,"column":4},"end":{"line":38,"column":5}},"type":"if","locations":[{"start":{"line":26,"column":4},"end":{"line":38,"column":5}},{"start":{},"end":{}}],"line":26}},"s":{"0":1,"1":4,"2":4,"3":4,"4":4,"5":3,"6":1,"7":2,"8":1,"9":1,"10":1},"f":{"0":4},"b":{"0":[3,1],"1":[1,2],"2":[3,1],"3":[1,1]},"_coverageSchema":"1a1c01bbd47fc00a2c39e90264f33305004495a9","hash":"2cc667f74d6e6d94d391770f9f1fa88e10c7a2d2"}
}
