TN:
SF:ProductDataConsumer.tsx
FNF:0
FNH:0
LF:0
LH:0
BRF:0
BRH:0
end_of_record
TN:
SF:components\FirstTestComponent.tsx
FN:7,(anonymous_0)
FNF:1
FNH:1
FNDA:2,(anonymous_0)
DA:7,1
DA:8,2
DA:9,1
DA:16,1
LF:4
LH:4
BRDA:8,0,0,1
BRDA:8,0,1,1
BRF:2
BRH:2
end_of_record
TN:
SF:components\ProductDataConsumer.tsx
FN:4,(anonymous_0)
FNF:1
FNH:1
FNDA:4,(anonymous_0)
DA:4,1
DA:5,4
DA:7,4
DA:9,4
DA:11,4
DA:12,3
DA:13,1
DA:26,2
DA:27,1
DA:40,1
DA:51,1
LF:11
LH:11
BRDA:11,0,0,3
BRDA:11,0,1,1
BRDA:12,1,0,1
BRDA:12,1,1,2
BRDA:12,2,0,3
BRDA:12,2,1,1
BRDA:26,3,0,1
BRDA:26,3,1,1
BRF:8
BRH:8
end_of_record
